<?xml version="1.0" encoding="UTF-8"?>
<testsuite xmlns:xsi="http://www.w3.org/2001/XMLSchema-instance" xsi:noNamespaceSchemaLocation="https://maven.apache.org/surefire/maven-surefire-plugin/xsd/surefire-test-report.xsd" name="com.runners.CukesRunner" time="0.003" tests="1" errors="1" skipped="0" failures="0">
  <properties>
[...]
</properties>
  <testcase name="initializationError" classname="com.runners.CukesRunner" time="0.003">
    <error message="Couldn&apos;t create a file output stream for target\default-html-reports.&#10;Make sure the the file isn&apos;t a directory.&#10;The details are in the stack trace below:" type="java.lang.IllegalArgumentException">java.lang.IllegalArgumentException: 
Couldn't create a file output stream for target\default-html-reports.
Make sure the the file isn't a directory.
The details are in the stack trace below:
Caused by: java.io.FileNotFoundException: target\default-html-reports (Access is denied)
</error>
  </testcase>
</testsuite>